2014-09-15 09:37:52
Import start

Sorry, that username already exists!
Failed to create new user for admin. Their posts will be attributed to the current user
2014-09-15 09:49:44
Import start

Sorry, that username already exists!
Failed to create new user for admin. Their posts will be attributed to the current user
Media "buzz-blog-logo" already exists
Media "noise" already exists
Media "pic123" already exists
Media "hilary32" already exists
Media "pattern1a" already exists
Media "012-subtle-light-patterns" already exists
Media "Maddy_Olivia-DUP" already exists
Media "Rebecca &amp; Janine - Semesterprojekt" already exists
Media "iconical - photogr. rut sigurdardottir - for KALTBLUT Magazine" already exists
Media "20110106 cavalier v1 2" already exists
Media "20110106 cavalier v1 016" already exists
Media "20110106 cavalier v1 2 (2)" already exists
Media "ugmonk004" already exists
Media "vscocam014_o" already exists
Media "Kara-213-Edit" already exists
Media "ugmonk001" already exists
Media "ugmonk006" already exists
Media "ugmonk014" already exists
Media "scombs007" already exists
Media "pattern10" already exists
FAQs "What is The WordPress Loop?" already exists
FAQs "What is WordPress?" already exists
FAQs "Why Choose WordPress?" already exists
FAQs "How Is WordPress related to other blogging applications?" already exists
FAQs "Do I need to know PHP to use WordPress?" already exists
FAQs "I don&#039;t know what all the WordPress terms mean: where can I get help?" already exists
Gallery "Bird Family" already exists
Media "125ad" already exists
Media "slide1" already exists
Media "slide2" already exists
Media "aboutmepic" already exists
Media "22" already exists
Media "Spent" already exists
Media "pic065" already exists
Media "MG_9406" already exists
Media "pic5t55" already exists
Media "slideshow321" already exists
Media "AK_3385d" already exists
Media "pic_ddd" already exists
Media "caterina-03" already exists
Gallery "Flowers Wallpaper" already exists
Gallery "Funny little boy" already exists
Gallery "Woman posing on the chair" already exists
Gallery "Graphic design" already exists
Gallery "Times Square" already exists
Page "Sample Page" already exists
Theme Options Media "Body Background" already exists
Theme Options Media "Logo Url" already exists
Theme Options Media "Favicon" already exists
Theme Options Media "Private Photo" already exists
Theme Options Media "Private Photo" already exists
Page "Filterable Blog 2 columns" already exists
Page "Filterable Blog 3 columns" already exists
Page "Filterable Blog 4 columns" already exists
Page "Home" already exists
Theme Options Media "Body Background" already exists
Theme Options Media "Logo Url" already exists
Theme Options Media "Private Photo" already exists
Theme Options Media "Favicon" already exists
Theme Options Media "Body Background" already exists
Theme Options Media "Logo Url" already exists
Theme Options Media "Favicon" already exists
Theme Options Media "Header Color" already exists
Page "Contact" already exists
Post "Isabel Marant" already exists
Page "About me" already exists
Page "Portfolio" already exists
Page "FAQ with Categories" already exists
Page "Archives" already exists
Page "Pages" already exists
Post "Times Square" already exists
Post "NYC Skyline - Standard type post" already exists
Page "Typography" already exists
Page "Shortcode &amp; elements" already exists
Page "Blog Full Width" already exists
Page "Blog with Sidebar" already exists
2014-09-15 09:52:20

Import end

2014-09-15 09:53:45
Importing process are finish. Our Congratulations!

2014-09-15 13:43:09
Import start

Sorry, that username already exists!
Failed to create new user for admin. Their posts will be attributed to the current user
2014-09-15 13:50:06
Import start

Sorry, that username already exists!
Failed to create new user for admin. Their posts will be attributed to the current user
Media "buzz-blog-logo" already exists
Media "noise" already exists
Media "pic123" already exists
Media "hilary32" already exists
Media "pattern1a" already exists
Media "012-subtle-light-patterns" already exists
Media "Maddy_Olivia-DUP" already exists
Media "Rebecca &amp; Janine - Semesterprojekt" already exists
Media "iconical - photogr. rut sigurdardottir - for KALTBLUT Magazine" already exists
Media "20110106 cavalier v1 2" already exists
Media "20110106 cavalier v1 016" already exists
Media "20110106 cavalier v1 2 (2)" already exists
Media "ugmonk004" already exists
Media "vscocam014_o" already exists
Media "Kara-213-Edit" already exists
Media "ugmonk001" already exists
Media "ugmonk006" already exists
Media "ugmonk014" already exists
Media "scombs007" already exists
Media "pattern10" already exists
FAQs "What is The WordPress Loop?" already exists
FAQs "What is WordPress?" already exists
FAQs "Why Choose WordPress?" already exists
FAQs "How Is WordPress related to other blogging applications?" already exists
FAQs "Do I need to know PHP to use WordPress?" already exists
FAQs "I don&#039;t know what all the WordPress terms mean: where can I get help?" already exists
Gallery "Bird Family" already exists
Media "125ad" already exists
Media "slide1" already exists
Media "slide2" already exists
Media "aboutmepic" already exists
Media "22" already exists
Gallery "Flowers Wallpaper" already exists
Gallery "Funny little boy" already exists
Gallery "Woman posing on the chair" already exists
Gallery "Graphic design" already exists
Gallery "Times Square" already exists
Page "Sample Page" already exists
Theme Options Media "Body Background" already exists
Theme Options Media "Logo Url" already exists
Theme Options Media "Favicon" already exists
Theme Options Media "Private Photo" already exists
Theme Options Media "Private Photo" already exists
Page "Filterable Blog 2 columns" already exists
Page "Filterable Blog 3 columns" already exists
Page "Filterable Blog 4 columns" already exists
Could not insert post into the database
Failed to import Page "Home"
Theme Options Media "Body Background" already exists
Theme Options Media "Logo Url" already exists
Theme Options Media "Private Photo" already exists
Theme Options Media "Favicon" already exists
Theme Options Media "Body Background" already exists
Theme Options Media "Logo Url" already exists
Theme Options Media "Favicon" already exists
Theme Options Media "Header Color" already exists
Page "Contact" already exists
Post "Isabel Marant" already exists
Page "About me" already exists
Page "Portfolio" already exists
Page "FAQ with Categories" already exists
Page "Archives" already exists
Page "Pages" already exists
Post "Times Square" already exists
Post "NYC Skyline - Standard type post" already exists
Page "Typography" already exists
2014-09-15 13:59:05
Import start

Sorry, that username already exists!
Failed to create new user for admin. Their posts will be attributed to the current user
Media "buzz-blog-logo" already exists
Media "noise" already exists
Media "pic123" already exists
Media "hilary32" already exists
Media "pattern1a" already exists
Media "012-subtle-light-patterns" already exists
Media "Maddy_Olivia-DUP" already exists
Media "Rebecca &amp; Janine - Semesterprojekt" already exists
Media "iconical - photogr. rut sigurdardottir - for KALTBLUT Magazine" already exists
Media "20110106 cavalier v1 2" already exists
Media "20110106 cavalier v1 016" already exists
Media "20110106 cavalier v1 2 (2)" already exists
Media "ugmonk004" already exists
Media "vscocam014_o" already exists
Media "Kara-213-Edit" already exists
Media "ugmonk001" already exists
Media "ugmonk006" already exists
Media "ugmonk014" already exists
Media "scombs007" already exists
Media "pattern10" already exists
FAQs "What is The WordPress Loop?" already exists
FAQs "What is WordPress?" already exists
FAQs "Why Choose WordPress?" already exists
FAQs "How Is WordPress related to other blogging applications?" already exists
FAQs "Do I need to know PHP to use WordPress?" already exists
FAQs "I don&#039;t know what all the WordPress terms mean: where can I get help?" already exists
Gallery "Bird Family" already exists
Media "125ad" already exists
Media "slide1" already exists
Media "slide2" already exists
Media "aboutmepic" already exists
Media "22" already exists
Media "Spent" already exists
Media "pic065" already exists
Media "MG_9406" already exists
Media "pic5t55" already exists
Media "slideshow321" already exists
Media "AK_3385d" already exists
Media "pic_ddd" already exists
Media "caterina-03" already exists
Gallery "Flowers Wallpaper" already exists
Gallery "Funny little boy" already exists
Gallery "Woman posing on the chair" already exists
Gallery "Graphic design" already exists
Gallery "Times Square" already exists
Page "Sample Page" already exists
Theme Options Media "Body Background" already exists
Theme Options Media "Logo Url" already exists
Theme Options Media "Favicon" already exists
Theme Options Media "Private Photo" already exists
Theme Options Media "Private Photo" already exists
Page "Filterable Blog 2 columns" already exists
Page "Filterable Blog 3 columns" already exists
Page "Filterable Blog 4 columns" already exists
Page "Home" already exists
Theme Options Media "Body Background" already exists
Theme Options Media "Logo Url" already exists
Theme Options Media "Private Photo" already exists
Theme Options Media "Favicon" already exists
Theme Options Media "Body Background" already exists
Theme Options Media "Logo Url" already exists
Theme Options Media "Favicon" already exists
Theme Options Media "Header Color" already exists
Page "Contact" already exists
Post "Isabel Marant" already exists
Page "About me" already exists
Page "Portfolio" already exists
Page "FAQ with Categories" already exists
Page "Archives" already exists
Page "Pages" already exists
Post "Times Square" already exists
Post "NYC Skyline - Standard type post" already exists
Page "Typography" already exists
Page "Shortcode &amp; elements" already exists
2014-09-15 14:00:10

Import end

2014-09-15 14:01:57
Importing process are finish. Our Congratulations!

